[2019-03-27 21:59:25] local.ERROR: PDOException: SQLSTATE[HY000] [1049] Unknown database 'snack4me-industrial' in /Volumes/PortableSSD/Users/andrepiacentini/WorkTemp/htdocs/snack4me-indeustrial/vendor/illuminate/database/Connectors/Connector.php:70
Stack trace:
#0 /Volumes/PortableSSD/Users/andrepiacentini/WorkTemp/htdocs/snack4me-indeustrial/vendor/illuminate/database/Connectors/Connector.php(70): PDO->__construct('mysql:host=127....', 'admin', 'jpssdp', Array)
#1 /Volumes/PortableSSD/Users/andrepiacentini/WorkTemp/htdocs/snack4me-indeustrial/vendor/illuminate/database/Connectors/Connector.php(46): Illuminate\Database\Connectors\Connector->createPdoConnection('mysql:host=127....', 'admin', 'jpssdp', Array)
#2 /Volumes/PortableSSD/Users/andrepiacentini/WorkTemp/htdocs/snack4me-indeustrial/vendor/illuminate/database/Connectors/MySqlConnector.php(24): Illuminate\Database\Connectors\Connector->createConnection('mysql:host=127....', Array, Array)
#3 /Volumes/PortableSSD/Users/andrepiacentini/WorkTemp/htdocs/snack4me-indeustrial/vendor/illuminate/database/Connectors/ConnectionFactory.php(182): Illuminate\Database\Connectors\MySqlConnector->connect(Array)
#4 [internal function]: Illuminate\Database\Connectors\ConnectionFactory->Illuminate\Database\Connectors\{closure}()
#5 /Volumes/PortableSSD/Users/andrepiacentini/WorkTemp/htdocs/snack4me-indeustrial/vendor/illuminate/database/Connection.php(918): call_user_func(Object(Closure))
#6 /Volumes/PortableSSD/Users/andrepiacentini/WorkTemp/htdocs/snack4me-indeustrial/vendor/illuminate/database/Connection.php(943): Illuminate\Database\Connection->getPdo()
#7 /Volumes/PortableSSD/Users/andrepiacentini/WorkTemp/htdocs/snack4me-indeustrial/vendor/illuminate/database/Connection.php(399): Illuminate\Database\Connection->getReadPdo()
#8 /Volumes/PortableSSD/Users/andrepiacentini/WorkTemp/htdocs/snack4me-indeustrial/vendor/illuminate/database/Connection.php(325): Illuminate\Database\Connection->getPdoForSelect(true)
#9 /Volumes/PortableSSD/Users/andrepiacentini/WorkTemp/htdocs/snack4me-indeustrial/vendor/illuminate/database/Connection.php(657): Illuminate\Database\Connection->Illuminate\Database\{closure}('select * from i...', Array)
#10 /Volumes/PortableSSD/Users/andrepiacentini/WorkTemp/htdocs/snack4me-indeustrial/vendor/illuminate/database/Connection.php(624): Illuminate\Database\Connection->runQueryCallback('select * from i...', Array, Object(Closure))
#11 /Volumes/PortableSSD/Users/andrepiacentini/WorkTemp/htdocs/snack4me-indeustrial/vendor/illuminate/database/Connection.php(333): Illuminate\Database\Connection->run('select * from i...', Array, Object(Closure))
#12 /Volumes/PortableSSD/Users/andrepiacentini/WorkTemp/htdocs/snack4me-indeustrial/vendor/illuminate/database/Schema/MySqlBuilder.php(18): Illuminate\Database\Connection->select('select * from i...', Array)
#13 /Volumes/PortableSSD/Users/andrepiacentini/WorkTemp/htdocs/snack4me-indeustrial/vendor/illuminate/database/Migrations/DatabaseMigrationRepository.php(169): Illuminate\Database\Schema\MySqlBuilder->hasTable('migrations')
#14 /Volumes/PortableSSD/Users/andrepiacentini/WorkTemp/htdocs/snack4me-indeustrial/vendor/illuminate/database/Migrations/Migrator.php(556): Illuminate\Database\Migrations\DatabaseMigrationRepository->repositoryExists()
#15 /Volumes/PortableSSD/Users/andrepiacentini/WorkTemp/htdocs/snack4me-indeustrial/vendor/illuminate/database/Console/Migrations/ResetCommand.php(63): Illuminate\Database\Migrations\Migrator->repositoryExists()
#16 [internal function]: Illuminate\Database\Console\Migrations\ResetCommand->handle()
#17 /Volumes/PortableSSD/Users/andrepiacentini/WorkTemp/htdocs/snack4me-indeustrial/vendor/illuminate/container/BoundMethod.php(29): call_user_func_array(Array, Array)
#18 /Volumes/PortableSSD/Users/andrepiacentini/WorkTemp/htdocs/snack4me-indeustrial/vendor/illuminate/container/BoundMethod.php(87): Illuminate\Container\BoundMethod::Illuminate\Container\{closure}()
#19 /Volumes/PortableSSD/Users/andrepiacentini/WorkTemp/htdocs/snack4me-indeustrial/vendor/illuminate/container/BoundMethod.php(31): Illuminate\Container\BoundMethod::callBoundMethod(Object(Laravel\Lumen\Application), Array, Object(Closure))
#20 /Volumes/PortableSSD/Users/andrepiacentini/WorkTemp/htdocs/snack4me-indeustrial/vendor/illuminate/container/Container.php(572): Illuminate\Container\BoundMethod::call(Object(Laravel\Lumen\Application), Array, Array, NULL)
#21 /Volumes/PortableSSD/Users/andrepiacentini/WorkTemp/htdocs/snack4me-indeustrial/vendor/illuminate/console/Command.php(183): Illuminate\Container\Container->call(Array)
#22 /Volumes/PortableSSD/Users/andrepiacentini/WorkTemp/htdocs/snack4me-indeustrial/vendor/symfony/console/Command/Command.php(255): Illuminate\Console\Command->execute(Object(Symfony\Component\Console\Input\ArrayInput), Object(Illuminate\Console\OutputStyle))
#23 /Volumes/PortableSSD/Users/andrepiacentini/WorkTemp/htdocs/snack4me-indeustrial/vendor/illuminate/console/Command.php(170): Symfony\Component\Console\Command\Command->run(Object(Symfony\Component\Console\Input\ArrayInput), Object(Illuminate\Console\OutputStyle))
#24 /Volumes/PortableSSD/Users/andrepiacentini/WorkTemp/htdocs/snack4me-indeustrial/vendor/illuminate/console/Command.php(198): Illuminate\Console\Command->run(Object(Symfony\Component\Console\Input\ArrayInput), Object(Illuminate\Console\OutputStyle))
#25 /Volumes/PortableSSD/Users/andrepiacentini/WorkTemp/htdocs/snack4me-indeustrial/vendor/illuminate/database/Console/Migrations/RefreshCommand.php(100): Illuminate\Console\Command->call('migrate:reset', Array)
#26 /Volumes/PortableSSD/Users/andrepiacentini/WorkTemp/htdocs/snack4me-indeustrial/vendor/illuminate/database/Console/Migrations/RefreshCommand.php(53): Illuminate\Database\Console\Migrations\RefreshCommand->runReset(NULL, NULL)
#27 [internal function]: Illuminate\Database\Console\Migrations\RefreshCommand->handle()
#28 /Volumes/PortableSSD/Users/andrepiacentini/WorkTemp/htdocs/snack4me-indeustrial/vendor/illuminate/container/BoundMethod.php(29): call_user_func_array(Array, Array)
#29 /Volumes/PortableSSD/Users/andrepiacentini/WorkTemp/htdocs/snack4me-indeustrial/vendor/illuminate/container/BoundMethod.php(87): Illuminate\Container\BoundMethod::Illuminate\Container\{closure}()
#30 /Volumes/PortableSSD/Users/andrepiacentini/WorkTemp/htdocs/snack4me-indeustrial/vendor/illuminate/container/BoundMethod.php(31): Illuminate\Container\BoundMethod::callBoundMethod(Object(Laravel\Lumen\Application), Array, Object(Closure))
#31 /Volumes/PortableSSD/Users/andrepiacentini/WorkTemp/htdocs/snack4me-indeustrial/vendor/illuminate/container/Container.php(572): Illuminate\Container\BoundMethod::call(Object(Laravel\Lumen\Application), Array, Array, NULL)
#32 /Volumes/PortableSSD/Users/andrepiacentini/WorkTemp/htdocs/snack4me-indeustrial/vendor/illuminate/console/Command.php(183): Illuminate\Container\Container->call(Array)
#33 /Volumes/PortableSSD/Users/andrepiacentini/WorkTemp/htdocs/snack4me-indeustrial/vendor/symfony/console/Command/Command.php(255): Illuminate\Console\Command->execute(Object(Symfony\Component\Console\Input\ArgvInput), Object(Illuminate\Console\OutputStyle))
#34 /Volumes/PortableSSD/Users/andrepiacentini/WorkTemp/htdocs/snack4me-indeustrial/vendor/illuminate/console/Command.php(170): Symfony\Component\Console\Command\Command->run(Object(Symfony\Component\Console\Input\ArgvInput), Object(Illuminate\Console\OutputStyle))
#35 /Volumes/PortableSSD/Users/andrepiacentini/WorkTemp/htdocs/snack4me-indeustrial/vendor/symfony/console/Application.php(908): Illuminate\Console\Command->run(Object(Symfony\Component\Console\Input\ArgvInput), Object(Symfony\Component\Console\Output\ConsoleOutput))
#36 /Volumes/PortableSSD/Users/andrepiacentini/WorkTemp/htdocs/snack4me-indeustrial/vendor/symfony/console/Application.php(269): Symfony\Component\Console\Application->doRunCommand(Object(Illuminate\Database\Console\Migrations\RefreshCommand), Object(Symfony\Component\Console\Input\ArgvInput), Object(Symfony\Component\Console\Output\ConsoleOutput))
#37 /Volumes/PortableSSD/Users/andrepiacentini/WorkTemp/htdocs/snack4me-indeustrial/vendor/symfony/console/Application.php(145): Symfony\Component\Console\Application->doRun(Object(Symfony\Component\Console\Input\ArgvInput), Object(Symfony\Component\Console\Output\ConsoleOutput))
#38 /Volumes/PortableSSD/Users/andrepiacentini/WorkTemp/htdocs/snack4me-indeustrial/vendor/illuminate/console/Application.php(89): Symfony\Component\Console\Application->run(Object(Symfony\Component\Console\Input\ArgvInput), Object(Symfony\Component\Console\Output\ConsoleOutput))
#39 /Volumes/PortableSSD/Users/andrepiacentini/WorkTemp/htdocs/snack4me-indeustrial/vendor/laravel/lumen-framework/src/Console/Kernel.php(115): Illuminate\Console\Application->run(Object(Symfony\Component\Console\Input\ArgvInput), Object(Symfony\Component\Console\Output\ConsoleOutput))
#40 /Volumes/PortableSSD/Users/andrepiacentini/WorkTemp/htdocs/snack4me-indeustrial/artisan(35): Laravel\Lumen\Console\Kernel->handle(Object(Symfony\Component\Console\Input\ArgvInput), Object(Symfony\Component\Console\Output\ConsoleOutput))
#41 {main}

Next Illuminate\Database\QueryException: SQLSTATE[HY000] [1049] Unknown database 'snack4me-industrial' (SQL: select * from information_schema.tables where table_schema = snack4me-industrial and table_name = migrations) in /Volumes/PortableSSD/Users/andrepiacentini/WorkTemp/htdocs/snack4me-indeustrial/vendor/illuminate/database/Connection.php:664
Stack trace:
#0 /Volumes/PortableSSD/Users/andrepiacentini/WorkTemp/htdocs/snack4me-indeustrial/vendor/illuminate/database/Connection.php(624): Illuminate\Database\Connection->runQueryCallback('select * from i...', Array, Object(Closure))
#1 /Volumes/PortableSSD/Users/andrepiacentini/WorkTemp/htdocs/snack4me-indeustrial/vendor/illuminate/database/Connection.php(333): Illuminate\Database\Connection->run('select * from i...', Array, Object(Closure))
#2 /Volumes/PortableSSD/Users/andrepiacentini/WorkTemp/htdocs/snack4me-indeustrial/vendor/illuminate/database/Schema/MySqlBuilder.php(18): Illuminate\Database\Connection->select('select * from i...', Array)
#3 /Volumes/PortableSSD/Users/andrepiacentini/WorkTemp/htdocs/snack4me-indeustrial/vendor/illuminate/database/Migrations/DatabaseMigrationRepository.php(169): Illuminate\Database\Schema\MySqlBuilder->hasTable('migrations')
#4 /Volumes/PortableSSD/Users/andrepiacentini/WorkTemp/htdocs/snack4me-indeustrial/vendor/illuminate/database/Migrations/Migrator.php(556): Illuminate\Database\Migrations\DatabaseMigrationRepository->repositoryExists()
#5 /Volumes/PortableSSD/Users/andrepiacentini/WorkTemp/htdocs/snack4me-indeustrial/vendor/illuminate/database/Console/Migrations/ResetCommand.php(63): Illuminate\Database\Migrations\Migrator->repositoryExists()
#6 [internal function]: Illuminate\Database\Console\Migrations\ResetCommand->handle()
#7 /Volumes/PortableSSD/Users/andrepiacentini/WorkTemp/htdocs/snack4me-indeustrial/vendor/illuminate/container/BoundMethod.php(29): call_user_func_array(Array, Array)
#8 /Volumes/PortableSSD/Users/andrepiacentini/WorkTemp/htdocs/snack4me-indeustrial/vendor/illuminate/container/BoundMethod.php(87): Illuminate\Container\BoundMethod::Illuminate\Container\{closure}()
#9 /Volumes/PortableSSD/Users/andrepiacentini/WorkTemp/htdocs/snack4me-indeustrial/vendor/illuminate/container/BoundMethod.php(31): Illuminate\Container\BoundMethod::callBoundMethod(Object(Laravel\Lumen\Application), Array, Object(Closure))
#10 /Volumes/PortableSSD/Users/andrepiacentini/WorkTemp/htdocs/snack4me-indeustrial/vendor/illuminate/container/Container.php(572): Illuminate\Container\BoundMethod::call(Object(Laravel\Lumen\Application), Array, Array, NULL)
#11 /Volumes/PortableSSD/Users/andrepiacentini/WorkTemp/htdocs/snack4me-indeustrial/vendor/illuminate/console/Command.php(183): Illuminate\Container\Container->call(Array)
#12 /Volumes/PortableSSD/Users/andrepiacentini/WorkTemp/htdocs/snack4me-indeustrial/vendor/symfony/console/Command/Command.php(255): Illuminate\Console\Command->execute(Object(Symfony\Component\Console\Input\ArrayInput), Object(Illuminate\Console\OutputStyle))
#13 /Volumes/PortableSSD/Users/andrepiacentini/WorkTemp/htdocs/snack4me-indeustrial/vendor/illuminate/console/Command.php(170): Symfony\Component\Console\Command\Command->run(Object(Symfony\Component\Console\Input\ArrayInput), Object(Illuminate\Console\OutputStyle))
#14 /Volumes/PortableSSD/Users/andrepiacentini/WorkTemp/htdocs/snack4me-indeustrial/vendor/illuminate/console/Command.php(198): Illuminate\Console\Command->run(Object(Symfony\Component\Console\Input\ArrayInput), Object(Illuminate\Console\OutputStyle))
#15 /Volumes/PortableSSD/Users/andrepiacentini/WorkTemp/htdocs/snack4me-indeustrial/vendor/illuminate/database/Console/Migrations/RefreshCommand.php(100): Illuminate\Console\Command->call('migrate:reset', Array)
#16 /Volumes/PortableSSD/Users/andrepiacentini/WorkTemp/htdocs/snack4me-indeustrial/vendor/illuminate/database/Console/Migrations/RefreshCommand.php(53): Illuminate\Database\Console\Migrations\RefreshCommand->runReset(NULL, NULL)
#17 [internal function]: Illuminate\Database\Console\Migrations\RefreshCommand->handle()
#18 /Volumes/PortableSSD/Users/andrepiacentini/WorkTemp/htdocs/snack4me-indeustrial/vendor/illuminate/container/BoundMethod.php(29): call_user_func_array(Array, Array)
#19 /Volumes/PortableSSD/Users/andrepiacentini/WorkTemp/htdocs/snack4me-indeustrial/vendor/illuminate/container/BoundMethod.php(87): Illuminate\Container\BoundMethod::Illuminate\Container\{closure}()
#20 /Volumes/PortableSSD/Users/andrepiacentini/WorkTemp/htdocs/snack4me-indeustrial/vendor/illuminate/container/BoundMethod.php(31): Illuminate\Container\BoundMethod::callBoundMethod(Object(Laravel\Lumen\Application), Array, Object(Closure))
#21 /Volumes/PortableSSD/Users/andrepiacentini/WorkTemp/htdocs/snack4me-indeustrial/vendor/illuminate/container/Container.php(572): Illuminate\Container\BoundMethod::call(Object(Laravel\Lumen\Application), Array, Array, NULL)
#22 /Volumes/PortableSSD/Users/andrepiacentini/WorkTemp/htdocs/snack4me-indeustrial/vendor/illuminate/console/Command.php(183): Illuminate\Container\Container->call(Array)
#23 /Volumes/PortableSSD/Users/andrepiacentini/WorkTemp/htdocs/snack4me-indeustrial/vendor/symfony/console/Command/Command.php(255): Illuminate\Console\Command->execute(Object(Symfony\Component\Console\Input\ArgvInput), Object(Illuminate\Console\OutputStyle))
#24 /Volumes/PortableSSD/Users/andrepiacentini/WorkTemp/htdocs/snack4me-indeustrial/vendor/illuminate/console/Command.php(170): Symfony\Component\Console\Command\Command->run(Object(Symfony\Component\Console\Input\ArgvInput), Object(Illuminate\Console\OutputStyle))
#25 /Volumes/PortableSSD/Users/andrepiacentini/WorkTemp/htdocs/snack4me-indeustrial/vendor/symfony/console/Application.php(908): Illuminate\Console\Command->run(Object(Symfony\Component\Console\Input\ArgvInput), Object(Symfony\Component\Console\Output\ConsoleOutput))
#26 /Volumes/PortableSSD/Users/andrepiacentini/WorkTemp/htdocs/snack4me-indeustrial/vendor/symfony/console/Application.php(269): Symfony\Component\Console\Application->doRunCommand(Object(Illuminate\Database\Console\Migrations\RefreshCommand), Object(Symfony\Component\Console\Input\ArgvInput), Object(Symfony\Component\Console\Output\ConsoleOutput))
#27 /Volumes/PortableSSD/Users/andrepiacentini/WorkTemp/htdocs/snack4me-indeustrial/vendor/symfony/console/Application.php(145): Symfony\Component\Console\Application->doRun(Object(Symfony\Component\Console\Input\ArgvInput), Object(Symfony\Component\Console\Output\ConsoleOutput))
#28 /Volumes/PortableSSD/Users/andrepiacentini/WorkTemp/htdocs/snack4me-indeustrial/vendor/illuminate/console/Application.php(89): Symfony\Component\Console\Application->run(Object(Symfony\Component\Console\Input\ArgvInput), Object(Symfony\Component\Console\Output\ConsoleOutput))
#29 /Volumes/PortableSSD/Users/andrepiacentini/WorkTemp/htdocs/snack4me-indeustrial/vendor/laravel/lumen-framework/src/Console/Kernel.php(115): Illuminate\Console\Application->run(Object(Symfony\Component\Console\Input\ArgvInput), Object(Symfony\Component\Console\Output\ConsoleOutput))
#30 /Volumes/PortableSSD/Users/andrepiacentini/WorkTemp/htdocs/snack4me-indeustrial/artisan(35): Laravel\Lumen\Console\Kernel->handle(Object(Symfony\Component\Console\Input\ArgvInput), Object(Symfony\Component\Console\Output\ConsoleOutput))
#31 {main} {"exception":"[object] (Illuminate\\Database\\QueryException(code: 1049): SQLSTATE[HY000] [1049] Unknown database 'snack4me-industrial' (SQL: select * from information_schema.tables where table_schema = snack4me-industrial and table_name = migrations) at /Volumes/PortableSSD/Users/andrepiacentini/WorkTemp/htdocs/snack4me-indeustrial/vendor/illuminate/database/Connection.php:664, PDOException(code: 1049): SQLSTATE[HY000] [1049] Unknown database 'snack4me-industrial' at /Volumes/PortableSSD/Users/andrepiacentini/WorkTemp/htdocs/snack4me-indeustrial/vendor/illuminate/database/Connectors/Connector.php:70)
[stacktrace]
#0 /Volumes/PortableSSD/Users/andrepiacentini/WorkTemp/htdocs/snack4me-indeustrial/vendor/illuminate/database/Connection.php(624): Illuminate\\Database\\Connection->runQueryCallback('select * from i...', Array, Object(Closure))
#1 /Volumes/PortableSSD/Users/andrepiacentini/WorkTemp/htdocs/snack4me-indeustrial/vendor/illuminate/database/Connection.php(333): Illuminate\\Database\\Connection->run('select * from i...', Array, Object(Closure))
#2 /Volumes/PortableSSD/Users/andrepiacentini/WorkTemp/htdocs/snack4me-indeustrial/vendor/illuminate/database/Schema/MySqlBuilder.php(18): Illuminate\\Database\\Connection->select('select * from i...', Array)
#3 /Volumes/PortableSSD/Users/andrepiacentini/WorkTemp/htdocs/snack4me-indeustrial/vendor/illuminate/database/Migrations/DatabaseMigrationRepository.php(169): Illuminate\\Database\\Schema\\MySqlBuilder->hasTable('migrations')
#4 /Volumes/PortableSSD/Users/andrepiacentini/WorkTemp/htdocs/snack4me-indeustrial/vendor/illuminate/database/Migrations/Migrator.php(556): Illuminate\\Database\\Migrations\\DatabaseMigrationRepository->repositoryExists()
#5 /Volumes/PortableSSD/Users/andrepiacentini/WorkTemp/htdocs/snack4me-indeustrial/vendor/illuminate/database/Console/Migrations/ResetCommand.php(63): Illuminate\\Database\\Migrations\\Migrator->repositoryExists()
#6 [internal function]: Illuminate\\Database\\Console\\Migrations\\ResetCommand->handle()
#7 /Volumes/PortableSSD/Users/andrepiacentini/WorkTemp/htdocs/snack4me-indeustrial/vendor/illuminate/container/BoundMethod.php(29): call_user_func_array(Array, Array)
#8 /Volumes/PortableSSD/Users/andrepiacentini/WorkTemp/htdocs/snack4me-indeustrial/vendor/illuminate/container/BoundMethod.php(87): Illuminate\\Container\\BoundMethod::Illuminate\\Container\\{closure}()
#9 /Volumes/PortableSSD/Users/andrepiacentini/WorkTemp/htdocs/snack4me-indeustrial/vendor/illuminate/container/BoundMethod.php(31): Illuminate\\Container\\BoundMethod::callBoundMethod(Object(Laravel\\Lumen\\Application), Array, Object(Closure))
#10 /Volumes/PortableSSD/Users/andrepiacentini/WorkTemp/htdocs/snack4me-indeustrial/vendor/illuminate/container/Container.php(572): Illuminate\\Container\\BoundMethod::call(Object(Laravel\\Lumen\\Application), Array, Array, NULL)
#11 /Volumes/PortableSSD/Users/andrepiacentini/WorkTemp/htdocs/snack4me-indeustrial/vendor/illuminate/console/Command.php(183): Illuminate\\Container\\Container->call(Array)
#12 /Volumes/PortableSSD/Users/andrepiacentini/WorkTemp/htdocs/snack4me-indeustrial/vendor/symfony/console/Command/Command.php(255): Illuminate\\Console\\Command->execute(Object(Symfony\\Component\\Console\\Input\\ArrayInput), Object(Illuminate\\Console\\OutputStyle))
#13 /Volumes/PortableSSD/Users/andrepiacentini/WorkTemp/htdocs/snack4me-indeustrial/vendor/illuminate/console/Command.php(170): Symfony\\Component\\Console\\Command\\Command->run(Object(Symfony\\Component\\Console\\Input\\ArrayInput), Object(Illuminate\\Console\\OutputStyle))
#14 /Volumes/PortableSSD/Users/andrepiacentini/WorkTemp/htdocs/snack4me-indeustrial/vendor/illuminate/console/Command.php(198): Illuminate\\Console\\Command->run(Object(Symfony\\Component\\Console\\Input\\ArrayInput), Object(Illuminate\\Console\\OutputStyle))
#15 /Volumes/PortableSSD/Users/andrepiacentini/WorkTemp/htdocs/snack4me-indeustrial/vendor/illuminate/database/Console/Migrations/RefreshCommand.php(100): Illuminate\\Console\\Command->call('migrate:reset', Array)
#16 /Volumes/PortableSSD/Users/andrepiacentini/WorkTemp/htdocs/snack4me-indeustrial/vendor/illuminate/database/Console/Migrations/RefreshCommand.php(53): Illuminate\\Database\\Console\\Migrations\\RefreshCommand->runReset(NULL, NULL)
#17 [internal function]: Illuminate\\Database\\Console\\Migrations\\RefreshCommand->handle()
#18 /Volumes/PortableSSD/Users/andrepiacentini/WorkTemp/htdocs/snack4me-indeustrial/vendor/illuminate/container/BoundMethod.php(29): call_user_func_array(Array, Array)
#19 /Volumes/PortableSSD/Users/andrepiacentini/WorkTemp/htdocs/snack4me-indeustrial/vendor/illuminate/container/BoundMethod.php(87): Illuminate\\Container\\BoundMethod::Illuminate\\Container\\{closure}()
#20 /Volumes/PortableSSD/Users/andrepiacentini/WorkTemp/htdocs/snack4me-indeustrial/vendor/illuminate/container/BoundMethod.php(31): Illuminate\\Container\\BoundMethod::callBoundMethod(Object(Laravel\\Lumen\\Application), Array, Object(Closure))
#21 /Volumes/PortableSSD/Users/andrepiacentini/WorkTemp/htdocs/snack4me-indeustrial/vendor/illuminate/container/Container.php(572): Illuminate\\Container\\BoundMethod::call(Object(Laravel\\Lumen\\Application), Array, Array, NULL)
#22 /Volumes/PortableSSD/Users/andrepiacentini/WorkTemp/htdocs/snack4me-indeustrial/vendor/illuminate/console/Command.php(183): Illuminate\\Container\\Container->call(Array)
#23 /Volumes/PortableSSD/Users/andrepiacentini/WorkTemp/htdocs/snack4me-indeustrial/vendor/symfony/console/Command/Command.php(255): Illuminate\\Console\\Command->execute(Object(Symfony\\Component\\Console\\Input\\ArgvInput), Object(Illuminate\\Console\\OutputStyle))
#24 /Volumes/PortableSSD/Users/andrepiacentini/WorkTemp/htdocs/snack4me-indeustrial/vendor/illuminate/console/Command.php(170): Symfony\\Component\\Console\\Command\\Command->run(Object(Symfony\\Component\\Console\\Input\\ArgvInput), Object(Illuminate\\Console\\OutputStyle))
#25 /Volumes/PortableSSD/Users/andrepiacentini/WorkTemp/htdocs/snack4me-indeustrial/vendor/symfony/console/Application.php(908): Illuminate\\Console\\Command->run(Object(Symfony\\Component\\Console\\Input\\ArgvInput), Object(Symfony\\Component\\Console\\Output\\ConsoleOutput))
#26 /Volumes/PortableSSD/Users/andrepiacentini/WorkTemp/htdocs/snack4me-indeustrial/vendor/symfony/console/Application.php(269): Symfony\\Component\\Console\\Application->doRunCommand(Object(Illuminate\\Database\\Console\\Migrations\\RefreshCommand), Object(Symfony\\Component\\Console\\Input\\ArgvInput), Object(Symfony\\Component\\Console\\Output\\ConsoleOutput))
#27 /Volumes/PortableSSD/Users/andrepiacentini/WorkTemp/htdocs/snack4me-indeustrial/vendor/symfony/console/Application.php(145): Symfony\\Component\\Console\\Application->doRun(Object(Symfony\\Component\\Console\\Input\\ArgvInput), Object(Symfony\\Component\\Console\\Output\\ConsoleOutput))
#28 /Volumes/PortableSSD/Users/andrepiacentini/WorkTemp/htdocs/snack4me-indeustrial/vendor/illuminate/console/Application.php(89): Symfony\\Component\\Console\\Application->run(Object(Symfony\\Component\\Console\\Input\\ArgvInput), Object(Symfony\\Component\\Console\\Output\\ConsoleOutput))
#29 /Volumes/PortableSSD/Users/andrepiacentini/WorkTemp/htdocs/snack4me-indeustrial/vendor/laravel/lumen-framework/src/Console/Kernel.php(115): Illuminate\\Console\\Application->run(Object(Symfony\\Component\\Console\\Input\\ArgvInput), Object(Symfony\\Component\\Console\\Output\\ConsoleOutput))
#30 /Volumes/PortableSSD/Users/andrepiacentini/WorkTemp/htdocs/snack4me-indeustrial/artisan(35): Laravel\\Lumen\\Console\\Kernel->handle(Object(Symfony\\Component\\Console\\Input\\ArgvInput), Object(Symfony\\Component\\Console\\Output\\ConsoleOutput))
#31 {main}
"} 
